<?xml version="1.0" encoding="UTF-8"?>
<!-- Generated by org.testng.reporters.JUnitXMLReporter -->
<testsuite ignored="0" hostname="LAPTOP-FR09N4DS" failures="1" tests="1" name="Test" time="4.186" errors="0" timestamp="2022-04-03T11:18:12 IST">
  <testcase classname="tests.LoginTest" name="login" time="4.0">
    <failure type="java.lang.AssertionError" message="expected [false] but found [true]">
      <![CDATA[java.lang.AssertionError: expected [false] but found [true]
at tests.LoginTest.login(LoginTest.java:29)
at java.base/java.util.ArrayList.forEach(ArrayList.java:1511)
... Removed 35 stack frames]]>
    </failure>
  </testcase> <!-- login -->
</testsuite> <!-- Test -->
